app/build/intermediates/manifest_merge_blame_file/debug/processDebugMainManifest/manifest-merger-blame-debug-report.txt
1<?xml version="1.0" encoding="utf-8"?>
2<manifest xmlns:android="http://schemas.android.com/apk/res/android"
3    package="io.bidswipe.app"
4    android:versionCode="2"
5    android:versionName="1.1" >
6
7    <uses-sdk
8        android:minSdkVersion="26"
9        android:targetSdkVersion="36" />
10
11    <uses-permission android:name="android.permission.ACCESS_WIFI_STATE" />
11-->src/main/AndroidManifest.xml:5:5-76
11-->src/main/AndroidManifest.xml:5:22-73
12    <uses-permission android:name="android.permission.RECORD_AUDIO" />
12-->src/main/AndroidManifest.xml:6:5-71
12-->src/main/AndroidManifest.xml:6:22-68
13    <uses-permission android:name="android.permission.INTERNET" />
13-->src/main/AndroidManifest.xml:7:5-67
13-->src/main/AndroidManifest.xml:7:22-64
14    <uses-permission android:name="android.permission.ACCESS_NETWORK_STATE" />
14-->src/main/AndroidManifest.xml:8:5-79
14-->src/main/AndroidManifest.xml:8:22-76
15    <uses-permission android:name="android.permission.CAMERA" />
15-->src/main/AndroidManifest.xml:9:5-65
15-->src/main/AndroidManifest.xml:9:22-62
16    <uses-permission android:name="android.permission.MODIFY_AUDIO_SETTINGS" />
16-->src/main/AndroidManifest.xml:10:5-80
16-->src/main/AndroidManifest.xml:10:22-77
17    <uses-permission android:name="android.permission.READ_PHONE_STATE" />
17-->src/main/AndroidManifest.xml:11:5-75
17-->src/main/AndroidManifest.xml:11:22-72
18    <uses-permission android:name="android.permission.VIBRATE" />
18-->src/main/AndroidManifest.xml:12:5-66
18-->src/main/AndroidManifest.xml:12:22-63
19    <uses-permission android:name="android.permission.READ_EXTERNAL_STORAGE" />
19-->src/main/AndroidManifest.xml:13:5-80
19-->src/main/AndroidManifest.xml:13:22-77
20    <uses-permission android:name="android.permission.BLUETOOTH" />
20-->src/main/AndroidManifest.xml:14:5-68
20-->src/main/AndroidManifest.xml:14:22-65
21    <uses-permission android:name="android.permission.BLUETOOTH_CONNECT" />
21-->src/main/AndroidManifest.xml:15:5-76
21-->src/main/AndroidManifest.xml:15:22-73
22    <uses-permission android:name="android.permission.BLUETOOTH_SCAN" />
22-->src/main/AndroidManifest.xml:16:5-73
22-->src/main/AndroidManifest.xml:16:22-70
23    <uses-permission android:name="android.permission.QUERY_ALL_PACKAGES" />
23-->src/main/AndroidManifest.xml:17:5-77
23-->src/main/AndroidManifest.xml:17:22-74
24
25    <uses-feature
25-->src/main/AndroidManifest.xml:19:5-21:36
26        android:name="android.hardware.camera"
26-->src/main/AndroidManifest.xml:20:9-47
27        android:required="false" />
27-->src/main/AndroidManifest.xml:21:9-33
28    <uses-feature
28-->src/main/AndroidManifest.xml:22:5-24:35
29        android:glEsVersion="0x00020000"
29-->src/main/AndroidManifest.xml:23:9-41
30        android:required="true" />
30-->src/main/AndroidManifest.xml:24:9-32
31    <uses-feature
31-->src/main/AndroidManifest.xml:25:5-28:46
32        android:name="android.hardware.camera.autofocus"
32-->src/main/AndroidManifest.xml:26:9-57
33        android:required="false" />
33-->src/main/AndroidManifest.xml:27:9-33
34
35    <queries>
35-->[com.vanniktech:android-image-cropper:4.7.0] AndroidManifest.xml:7:5-18:15
36        <intent>
36-->[com.vanniktech:android-image-cropper:4.7.0] AndroidManifest.xml:8:9-14:18
37            <action android:name="android.intent.action.GET_CONTENT" />
37-->[com.vanniktech:android-image-cropper:4.7.0] AndroidManifest.xml:9:13-72
37-->[com.vanniktech:android-image-cropper:4.7.0] AndroidManifest.xml:9:21-69
38
39            <category android:name="android.intent.category.OPENABLE" />
39-->[com.vanniktech:android-image-cropper:4.7.0] AndroidManifest.xml:11:13-73
39-->[com.vanniktech:android-image-cropper:4.7.0] AndroidManifest.xml:11:23-70
40
41            <data android:mimeType="*/*" />
41-->src/main/AndroidManifest.xml:157:17-159:46
42        </intent>
43        <intent>
43-->[com.vanniktech:android-image-cropper:4.7.0] AndroidManifest.xml:15:9-17:18
44            <action android:name="android.media.action.IMAGE_CAPTURE" />
44-->[com.vanniktech:android-image-cropper:4.7.0] AndroidManifest.xml:16:13-73
44-->[com.vanniktech:android-image-cropper:4.7.0] AndroidManifest.xml:16:21-70
45        </intent>
46        <!-- Added to check if Chrome is installed for browser-based payment authentication (e.g. 3DS1). -->
47        <package android:name="com.android.chrome" />
47-->[com.stripe:payments-core:22.5.0] AndroidManifest.xml:11:9-54
47-->[com.stripe:payments-core:22.5.0] AndroidManifest.xml:11:18-51
48
49        <intent>
49-->[com.android.billingclient:billing:8.3.0] AndroidManifest.xml:13:9-15:18
50            <action android:name="com.android.vending.billing.InAppBillingService.BIND" />
50-->[com.android.billingclient:billing:8.3.0] AndroidManifest.xml:14:13-91
50-->[com.android.billingclient:billing:8.3.0] AndroidManifest.xml:14:21-88
51        </intent>
52        <intent>
52-->[com.android.billingclient:billing:8.3.0] AndroidManifest.xml:16:9-18:18
53            <action android:name="com.google.android.apps.play.billingtestcompanion.BillingOverrideService.BIND" />
53-->[com.android.billingclient:billing:8.3.0] AndroidManifest.xml:17:13-116
53-->[com.android.billingclient:billing:8.3.0] AndroidManifest.xml:17:21-113
54        </intent> <!-- Needs to be explicitly declared on Android R+ -->
55        <package android:name="com.google.android.apps.maps" />
55-->[com.google.android.gms:play-services-maps:18.0.2] AndroidManifest.xml:33:9-64
55-->[com.google.android.gms:play-services-maps:18.0.2] AndroidManifest.xml:33:18-61
56    </queries>
57
58    <uses-permission android:name="android.permission.GET_ACCOUNTS" />
58-->[org.wordpress:utils:3.5.0] AndroidManifest.xml:9:5-71
58-->[org.wordpress:utils:3.5.0] AndroidManifest.xml:9:22-68
59    <uses-permission android:name="android.permission.ACCESS_COARSE_LOCATION" />
59-->[com.google.android.libraries.places:places:3.5.0] AndroidManifest.xml:9:5-81
59-->[com.google.android.libraries.places:places:3.5.0] AndroidManifest.xml:9:22-78
60    <uses-permission android:name="android.permission.ACCESS_FINE_LOCATION" />
60-->[com.google.android.libraries.places:places:3.5.0] AndroidManifest.xml:10:5-79
60-->[com.google.android.libraries.places:places:3.5.0] AndroidManifest.xml:10:22-76
61    <uses-permission android:name="com.android.vending.BILLING" />
61-->[com.android.billingclient:billing-ktx:8.3.0] AndroidManifest.xml:9:5-67
61-->[com.android.billingclient:billing-ktx:8.3.0] AndroidManifest.xml:9:22-64
62    <uses-permission android:name="android.permission.POST_NOTIFICATIONS" />
62-->[com.google.firebase:firebase-messaging:25.0.1] AndroidManifest.xml:23:5-77
62-->[com.google.firebase:firebase-messaging:25.0.1] AndroidManifest.xml:23:22-74
63    <uses-permission android:name="android.permission.WAKE_LOCK" /> <!-- Required by older versions of Google Play services to create IID tokens -->
63-->[com.google.firebase:firebase-messaging:25.0.1] AndroidManifest.xml:24:5-68
63-->[com.google.firebase:firebase-messaging:25.0.1] AndroidManifest.xml:24:22-65
64    <uses-permission android:name="com.google.android.c2dm.permission.RECEIVE" />
64-->[com.google.firebase:firebase-messaging:25.0.1] AndroidManifest.xml:26:5-82
64-->[com.google.firebase:firebase-messaging:25.0.1] AndroidManifest.xml:26:22-79
65
66    <uses-feature
66-->[com.otaliastudios:cameraview:2.7.2] AndroidManifest.xml:25:5-27:36
67        android:name="android.hardware.camera.front"
67-->[com.otaliastudios:cameraview:2.7.2] AndroidManifest.xml:26:9-53
68        android:required="false" />
68-->[com.otaliastudios:cameraview:2.7.2] AndroidManifest.xml:27:9-33
69    <uses-feature
69-->[com.otaliastudios:cameraview:2.7.2] AndroidManifest.xml:28:5-30:36
70        android:name="android.hardware.microphone"
70-->[com.otaliastudios:cameraview:2.7.2] AndroidManifest.xml:29:9-51
71        android:required="false" />
71-->[com.otaliastudios:cameraview:2.7.2] AndroidManifest.xml:30:9-33
72
73    <permission
73-->[androidx.core:core:1.17.0] AndroidManifest.xml:22:5-24:47
74        android:name="io.bidswipe.app.DYNAMIC_RECEIVER_NOT_EXPORTED_PERMISSION"
74-->[androidx.core:core:1.17.0] AndroidManifest.xml:23:9-81
75        android:protectionLevel="signature" />
75-->[androidx.core:core:1.17.0] AndroidManifest.xml:24:9-44
76
77    <uses-permission android:name="io.bidswipe.app.DYNAMIC_RECEIVER_NOT_EXPORTED_PERMISSION" />
77-->[androidx.core:core:1.17.0] AndroidManifest.xml:26:5-97
77-->[androidx.core:core:1.17.0] AndroidManifest.xml:26:22-94
78
79    <application
79-->src/main/AndroidManifest.xml:30:5-209:19
80        android:name="io.bidswipe.app.App"
80-->src/main/AndroidManifest.xml:31:9-28
81        android:allowBackup="true"
81-->src/main/AndroidManifest.xml:32:9-35
82        android:allowClearUserData="true"
82-->src/main/AndroidManifest.xml:33:9-42
83        android:appComponentFactory="androidx.core.app.CoreComponentFactory"
83-->[androidx.core:core:1.17.0] AndroidManifest.xml:28:18-86
84        android:dataExtractionRules="@xml/data_extraction_rules"
84-->src/main/AndroidManifest.xml:34:9-65
85        android:debuggable="true"
86        android:enableOnBackInvokedCallback="true"
86-->src/main/AndroidManifest.xml:35:9-51
87        android:extractNativeLibs="false"
88        android:fullBackupContent="@xml/backup_rules"
88-->src/main/AndroidManifest.xml:36:9-54
89        android:icon="@mipmap/ic_launcher"
89-->src/main/AndroidManifest.xml:37:9-43
90        android:label="@string/app_name"
90-->src/main/AndroidManifest.xml:38:9-41
91        android:roundIcon="@mipmap/ic_launcher_round"
91-->src/main/AndroidManifest.xml:39:9-54
92        android:supportsRtl="true"
92-->src/main/AndroidManifest.xml:40:9-35
93        android:theme="@style/Theme.Bidswipe"
93-->src/main/AndroidManifest.xml:41:9-46
94        android:usesCleartextTraffic="true" >
94-->src/main/AndroidManifest.xml:42:9-44
95        <activity
95-->src/main/AndroidManifest.xml:44:9-46:40
96            android:name="io.bidswipe.app.ui.product.ProductSetDetailsActivity"
96-->src/main/AndroidManifest.xml:45:13-65
97            android:exported="false" />
97-->src/main/AndroidManifest.xml:46:13-37
98        <activity
98-->src/main/AndroidManifest.xml:47:9-49:40
99            android:name="io.bidswipe.app.ui.sellerProfile.ClipEditActivity"
99-->src/main/AndroidManifest.xml:48:13-62
100            android:exported="false" />
100-->src/main/AndroidManifest.xml:49:13-37
101        <activity
101-->src/main/AndroidManifest.xml:50:9-52:40
102            android:name="io.bidswipe.app.ui.scheduleShow.ShowDetailsActivity"
102-->src/main/AndroidManifest.xml:51:13-64
103            android:exported="false" />
103-->src/main/AndroidManifest.xml:52:13-37
104        <activity
104-->src/main/AndroidManifest.xml:53:9-55:40
105            android:name="io.bidswipe.app.ui.scheduleShow.TipSettingActivity"
105-->src/main/AndroidManifest.xml:54:13-63
106            android:exported="false" />
106-->src/main/AndroidManifest.xml:55:13-37
107        <activity
107-->src/main/AndroidManifest.xml:56:9-63:58
108            android:name="io.bidswipe.app.ui.agoraStream.AgoraPublisherActivity"
108-->src/main/AndroidManifest.xml:57:13-66
109            android:configChanges="screenSize|smallestScreenSize|screenLayout|orientation"
109-->src/main/AndroidManifest.xml:58:13-91
110            android:exported="false"
110-->src/main/AndroidManifest.xml:59:13-37
111            android:launchMode="singleTop"
111-->src/main/AndroidManifest.xml:60:13-43
112            android:resizeableActivity="true"
112-->src/main/AndroidManifest.xml:61:13-46
113            android:supportsPictureInPicture="true"
113-->src/main/AndroidManifest.xml:62:13-52
114            android:windowSoftInputMode="adjustResize" />
114-->src/main/AndroidManifest.xml:63:13-55
115        <activity
115-->src/main/AndroidManifest.xml:64:9-67:53
116            android:name="io.bidswipe.app.ui.interest.ChooseInterestActivity"
116-->src/main/AndroidManifest.xml:65:13-63
117            android:exported="false"
117-->src/main/AndroidManifest.xml:66:13-37
118            android:theme="@style/Theme.Bidswipe" />
118-->src/main/AndroidManifest.xml:67:13-50
119        <activity
119-->src/main/AndroidManifest.xml:68:9-71:58
120            android:name="io.bidswipe.app.ui.dashboard.ChatActivity"
120-->src/main/AndroidManifest.xml:69:13-54
121            android:exported="false"
121-->src/main/AndroidManifest.xml:70:13-37
122            android:windowSoftInputMode="adjustResize" />
122-->src/main/AndroidManifest.xml:71:13-55
123        <activity
123-->src/main/AndroidManifest.xml:72:9-74:40
124            android:name="io.bidswipe.app.ui.dashboard.RateSellerActivity"
124-->src/main/AndroidManifest.xml:73:13-60
125            android:exported="false" />
125-->src/main/AndroidManifest.xml:74:13-37
126        <activity
126-->src/main/AndroidManifest.xml:75:9-77:40
127            android:name="io.bidswipe.app.ui.dashboard.UpdateAccountActivity"
127-->src/main/AndroidManifest.xml:76:13-63
128            android:exported="false" />
128-->src/main/AndroidManifest.xml:77:13-37
129        <activity
129-->src/main/AndroidManifest.xml:78:9-80:40
130            android:name="io.bidswipe.app.ui.more.NotificationActivity"
130-->src/main/AndroidManifest.xml:79:13-57
131            android:exported="false" />
131-->src/main/AndroidManifest.xml:80:13-37
132        <activity
132-->src/main/AndroidManifest.xml:81:9-87:58
133            android:name="io.bidswipe.app.ui.watchStream.ViewLiveShowActivity"
133-->src/main/AndroidManifest.xml:82:13-64
134            android:configChanges="screenSize|smallestScreenSize|screenLayout|orientation"
134-->src/main/AndroidManifest.xml:83:13-91
135            android:exported="true"
135-->src/main/AndroidManifest.xml:84:13-36
136            android:resizeableActivity="true"
136-->src/main/AndroidManifest.xml:85:13-46
137            android:supportsPictureInPicture="true"
137-->src/main/AndroidManifest.xml:86:13-52
138            android:windowSoftInputMode="adjustResize" />
138-->src/main/AndroidManifest.xml:87:13-55
139        <activity
139-->src/main/AndroidManifest.xml:88:9-90:40
140            android:name="io.bidswipe.app.ui.dashboard.AddPaymentCardActivity"
140-->src/main/AndroidManifest.xml:89:13-64
141            android:exported="false" />
141-->src/main/AndroidManifest.xml:90:13-37
142        <activity
142-->src/main/AndroidManifest.xml:91:9-94:58
143            android:name="io.bidswipe.app.ui.sellerProfile.SellerProfileActivity"
143-->src/main/AndroidManifest.xml:92:13-67
144            android:exported="true"
144-->src/main/AndroidManifest.xml:93:13-36
145            android:windowSoftInputMode="adjustResize" />
145-->src/main/AndroidManifest.xml:94:13-55
146        <activity
146-->src/main/AndroidManifest.xml:95:9-97:39
147            android:name="io.bidswipe.app.ui.product.ProductDetailsActivity"
147-->src/main/AndroidManifest.xml:96:13-62
148            android:exported="true" />
148-->src/main/AndroidManifest.xml:97:13-36
149        <activity
149-->src/main/AndroidManifest.xml:98:9-100:40
150            android:name="io.bidswipe.app.ui.sellerHub.SellerHubActivity"
150-->src/main/AndroidManifest.xml:99:13-59
151            android:exported="false" />
151-->src/main/AndroidManifest.xml:100:13-37
152        <activity
152-->src/main/AndroidManifest.xml:101:9-103:40
153            android:name="io.bidswipe.app.ui.product.OrderStatusActivity"
153-->src/main/AndroidManifest.xml:102:13-59
154            android:exported="false" />
154-->src/main/AndroidManifest.xml:103:13-37
155        <!-- cmpcqb2m6: in-app PDF receipt viewer (PdfRenderer, no external app handoff). -->
156        <activity
156-->src/main/AndroidManifest.xml:105:9-109:72
157            android:name="io.bidswipe.app.ui.product.PdfViewerActivity"
157-->src/main/AndroidManifest.xml:106:13-57
158            android:exported="false"
158-->src/main/AndroidManifest.xml:107:13-37
159            android:label="Receipt"
159-->src/main/AndroidManifest.xml:108:13-36
160            android:theme="@style/Theme.AppCompat.Light.NoActionBar" />
160-->src/main/AndroidManifest.xml:109:13-69
161        <!-- cmpcqb1yo: viewers list (tap from ShowDetailsFragment Viewers tile). -->
162        <activity
162-->src/main/AndroidManifest.xml:111:9-115:72
163            android:name="io.bidswipe.app.ui.sellerHub.ShowViewersActivity"
163-->src/main/AndroidManifest.xml:112:13-61
164            android:exported="false"
164-->src/main/AndroidManifest.xml:113:13-37
165            android:label="Viewers"
165-->src/main/AndroidManifest.xml:114:13-36
166            android:theme="@style/Theme.AppCompat.Light.NoActionBar" />
166-->src/main/AndroidManifest.xml:115:13-69
167        <activity
167-->src/main/AndroidManifest.xml:116:9-118:40
168            android:name="io.bidswipe.app.ui.more.MoreActivity"
168-->src/main/AndroidManifest.xml:117:13-49
169            android:exported="false" />
169-->src/main/AndroidManifest.xml:118:13-37
170        <activity
170-->src/main/AndroidManifest.xml:119:9-121:40
171            android:name="io.bidswipe.app.ui.dashboard.LanguageActivity"
171-->src/main/AndroidManifest.xml:120:13-58
172            android:exported="false" />
172-->src/main/AndroidManifest.xml:121:13-37
173        <activity
173-->src/main/AndroidManifest.xml:122:9-125:58
174            android:name="io.bidswipe.app.ui.scheduleShow.ScheduleShowActivity"
174-->src/main/AndroidManifest.xml:123:13-65
175            android:exported="false"
175-->src/main/AndroidManifest.xml:124:13-37
176            android:windowSoftInputMode="adjustResize" />
176-->src/main/AndroidManifest.xml:125:13-55
177        <activity
177-->src/main/AndroidManifest.xml:126:9-128:40
178            android:name="io.bidswipe.app.ui.tutorials.TutorialsActivity"
178-->src/main/AndroidManifest.xml:127:13-59
179            android:exported="false" />
179-->src/main/AndroidManifest.xml:128:13-37
180        <activity
180-->src/main/AndroidManifest.xml:129:9-132:58
181            android:name="io.bidswipe.app.ui.tutorials.LiveRehearsalActivity"
181-->src/main/AndroidManifest.xml:130:13-63
182            android:exported="false"
182-->src/main/AndroidManifest.xml:131:13-37
183            android:windowSoftInputMode="adjustResize" />
183-->src/main/AndroidManifest.xml:132:13-55
184        <activity
184-->src/main/AndroidManifest.xml:133:9-136:58
185            android:name="io.bidswipe.app.ui.sell.ListAProductActivity"
185-->src/main/AndroidManifest.xml:134:13-57
186            android:exported="false"
186-->src/main/AndroidManifest.xml:135:13-37
187            android:windowSoftInputMode="adjustResize" />
187-->src/main/AndroidManifest.xml:136:13-55
188        <activity
188-->src/main/AndroidManifest.xml:137:9-146:20
189            android:name="io.bidswipe.app.ui.SplashActivity"
189-->src/main/AndroidManifest.xml:138:13-46
190            android:exported="true"
190-->src/main/AndroidManifest.xml:139:13-36
191            android:theme="@style/RemoveSplash" >
191-->src/main/AndroidManifest.xml:140:13-48
192            <intent-filter>
192-->src/main/AndroidManifest.xml:141:13-145:29
193                <action android:name="android.intent.action.MAIN" />
193-->src/main/AndroidManifest.xml:142:17-69
193-->src/main/AndroidManifest.xml:142:25-66
194
195                <category android:name="android.intent.category.LAUNCHER" />
195-->src/main/AndroidManifest.xml:144:17-77
195-->src/main/AndroidManifest.xml:144:27-74
196            </intent-filter>
197        </activity>
198        <activity
198-->src/main/AndroidManifest.xml:147:9-161:20
199            android:name="io.bidswipe.app.ui.dashboard.DashActivity"
199-->src/main/AndroidManifest.xml:148:13-54
200            android:exported="true"
200-->src/main/AndroidManifest.xml:149:13-36
201            android:windowSoftInputMode="adjustNothing" >
201-->src/main/AndroidManifest.xml:150:13-56
202            <intent-filter android:autoVerify="true" >
202-->src/main/AndroidManifest.xml:151:13-160:29
202-->src/main/AndroidManifest.xml:151:28-53
203                <action android:name="android.intent.action.VIEW" />
203-->src/main/AndroidManifest.xml:152:17-69
203-->src/main/AndroidManifest.xml:152:25-66
204
205                <category android:name="android.intent.category.DEFAULT" />
205-->src/main/AndroidManifest.xml:154:17-76
205-->src/main/AndroidManifest.xml:154:27-73
206                <category android:name="android.intent.category.BROWSABLE" />
206-->src/main/AndroidManifest.xml:155:17-78
206-->src/main/AndroidManifest.xml:155:27-75
207
208                <data
208-->src/main/AndroidManifest.xml:157:17-159:46
209                    android:host="backend.bidcast.betaplanets.com"
209-->src/main/AndroidManifest.xml:158:21-67
210                    android:scheme="https" />
210-->src/main/AndroidManifest.xml:159:21-43
211            </intent-filter>
212        </activity>
213        <activity
213-->src/main/AndroidManifest.xml:162:9-177:20
214            android:name="io.bidswipe.app.ui.auth.AuthActivity"
214-->src/main/AndroidManifest.xml:163:13-49
215            android:exported="true"
215-->src/main/AndroidManifest.xml:164:13-36
216            android:windowSoftInputMode="adjustResize" >
216-->src/main/AndroidManifest.xml:165:13-55
217            <intent-filter android:autoVerify="true" >
217-->src/main/AndroidManifest.xml:166:13-176:29
217-->src/main/AndroidManifest.xml:166:28-53
218                <action android:name="android.intent.action.VIEW" />
218-->src/main/AndroidManifest.xml:152:17-69
218-->src/main/AndroidManifest.xml:152:25-66
219
220                <category android:name="android.intent.category.DEFAULT" />
220-->src/main/AndroidManifest.xml:154:17-76
220-->src/main/AndroidManifest.xml:154:27-73
221                <category android:name="android.intent.category.BROWSABLE" />
221-->src/main/AndroidManifest.xml:155:17-78
221-->src/main/AndroidManifest.xml:155:27-75
222
223                <data
223-->src/main/AndroidManifest.xml:157:17-159:46
224                    android:host="backend.bidcast.betaplanets.com"
224-->src/main/AndroidManifest.xml:158:21-67
225                    android:pathPrefix="/invite"
225-->src/main/AndroidManifest.xml:174:21-49
226                    android:scheme="https" />
226-->src/main/AndroidManifest.xml:159:21-43
227            </intent-filter>
228        </activity>
229        <activity
229-->src/main/AndroidManifest.xml:178:9-180:40
230            android:name="io.bidswipe.app.ui.more.TrustedBuyerActivity"
230-->src/main/AndroidManifest.xml:179:13-57
231            android:exported="false" />
231-->src/main/AndroidManifest.xml:180:13-37
232        <activity
232-->src/main/AndroidManifest.xml:181:9-183:40
233            android:name="io.bidswipe.app.ui.sellerHub.SellerVerificationActivity"
233-->src/main/AndroidManifest.xml:182:13-68
234            android:exported="false" />
234-->src/main/AndroidManifest.xml:183:13-37
235        <activity
235-->src/main/AndroidManifest.xml:184:9-188:58
236            android:name="io.bidswipe.app.utils.cropper.CustomCropImageActivity"
236-->src/main/AndroidManifest.xml:185:13-66
237            android:exported="false"
237-->src/main/AndroidManifest.xml:186:13-37
238            android:theme="@style/Theme.Bidswipe"
238-->src/main/AndroidManifest.xml:187:13-50
239            android:windowSoftInputMode="adjustResize" />
239-->src/main/AndroidManifest.xml:188:13-55
240
241        <service
241-->src/main/AndroidManifest.xml:190:9-197:19
242            android:name="io.bidswipe.app.messaging.MyFirebaseMessagingService"
242-->src/main/AndroidManifest.xml:191:13-65
243            android:directBootAware="true"
243-->src/main/AndroidManifest.xml:192:13-43
244            android:exported="false" >
244-->src/main/AndroidManifest.xml:193:13-37
245            <intent-filter>
245-->src/main/AndroidManifest.xml:194:13-196:29
246                <action android:name="com.google.firebase.MESSAGING_EVENT" />
246-->src/main/AndroidManifest.xml:195:17-78
246-->src/main/AndroidManifest.xml:195:25-75
247            </intent-filter>
248        </service>
249
250        <provider
251            android:name="androidx.core.content.FileProvider"
251-->src/main/AndroidManifest.xml:200:13-62
252            android:authorities="io.bidswipe.app.provider"
252-->src/main/AndroidManifest.xml:201:13-60
253            android:exported="false"
253-->src/main/AndroidManifest.xml:202:13-37
254            android:grantUriPermissions="true"
254-->src/main/AndroidManifest.xml:203:13-47
255            android:permission="android.permission.MANAGE_EXTERNAL_STORAGE" >
255-->src/main/AndroidManifest.xml:204:13-76
256            <meta-data
256-->src/main/AndroidManifest.xml:205:13-207:54
257                android:name="android.support.FILE_PROVIDER_PATHS"
257-->src/main/AndroidManifest.xml:206:17-67
258                android:resource="@xml/file_paths" />
258-->src/main/AndroidManifest.xml:207:17-51
259        </provider>
260        <provider
260-->[com.vanniktech:android-image-cropper:4.7.0] AndroidManifest.xml:21:9-29:20
261            android:name="com.canhub.cropper.CropFileProvider"
261-->[com.vanniktech:android-image-cropper:4.7.0] AndroidManifest.xml:22:13-63
262            android:authorities="io.bidswipe.app.cropper.fileprovider"
262-->[com.vanniktech:android-image-cropper:4.7.0] AndroidManifest.xml:23:13-72
263            android:exported="false"
263-->[com.vanniktech:android-image-cropper:4.7.0] AndroidManifest.xml:24:13-37
264            android:grantUriPermissions="true" >
264-->[com.vanniktech:android-image-cropper:4.7.0] AndroidManifest.xml:25:13-47
265            <meta-data
265-->src/main/AndroidManifest.xml:205:13-207:54
266                android:name="android.support.FILE_PROVIDER_PATHS"
266-->src/main/AndroidManifest.xml:206:17-67
267                android:resource="@xml/cropper_library_file_paths" />
267-->src/main/AndroidManifest.xml:207:17-51
268        </provider>
269
270        <activity
270-->[com.vanniktech:android-image-cropper:4.7.0] AndroidManifest.xml:31:9-33:39
271            android:name="com.canhub.cropper.CropImageActivity"
271-->[com.vanniktech:android-image-cropper:4.7.0] AndroidManifest.xml:32:13-64
272            android:exported="true" />
272-->[com.vanniktech:android-image-cropper:4.7.0] AndroidManifest.xml:33:13-36
273        <activity
273-->[com.stripe:paymentsheet:22.5.0] AndroidManifest.xml:8:9-11:69
274            android:name="com.stripe.android.paymentsheet.PaymentSheetActivity"
274-->[com.stripe:paymentsheet:22.5.0] AndroidManifest.xml:9:13-80
275            android:exported="false"
275-->[com.stripe:paymentsheet:22.5.0] AndroidManifest.xml:10:13-37
276            android:theme="@style/StripePaymentSheetDefaultTheme" />
276-->[com.stripe:paymentsheet:22.5.0] AndroidManifest.xml:11:13-66
277        <activity
277-->[com.stripe:paymentsheet:22.5.0] AndroidManifest.xml:12:9-15:69
278            android:name="com.stripe.android.paymentsheet.PaymentOptionsActivity"
278-->[com.stripe:paymentsheet:22.5.0] AndroidManifest.xml:13:13-82
279            android:exported="false"
279-->[com.stripe:paymentsheet:22.5.0] AndroidManifest.xml:14:13-37
280            android:theme="@style/StripePaymentSheetDefaultTheme" />
280-->[com.stripe:paymentsheet:22.5.0] AndroidManifest.xml:15:13-66
281        <activity
281-->[com.stripe:paymentsheet:22.5.0] AndroidManifest.xml:16:9-19:69
282            android:name="com.stripe.android.customersheet.CustomerSheetActivity"
282-->[com.stripe:paymentsheet:22.5.0] AndroidManifest.xml:17:13-82
283            android:exported="false"
283-->[com.stripe:paymentsheet:22.5.0] AndroidManifest.xml:18:13-37
284            android:theme="@style/StripePaymentSheetDefaultTheme" />
284-->[com.stripe:paymentsheet:22.5.0] AndroidManifest.xml:19:13-66
285        <activity
285-->[com.stripe:paymentsheet:22.5.0] AndroidManifest.xml:20:9-23:69
286            android:name="com.stripe.android.paymentsheet.addresselement.AddressElementActivity"
286-->[com.stripe:paymentsheet:22.5.0] AndroidManifest.xml:21:13-97
287            android:exported="false"
287-->[com.stripe:paymentsheet:22.5.0] AndroidManifest.xml:22:13-37
288            android:theme="@style/StripePaymentSheetDefaultTheme" />
288-->[com.stripe:paymentsheet:22.5.0] AndroidManifest.xml:23:13-66
289        <activity
289-->[com.stripe:paymentsheet:22.5.0] AndroidManifest.xml:24:9-27:69
290            android:name="com.stripe.android.paymentsheet.addresselement.AutocompleteActivity"
290-->[com.stripe:paymentsheet:22.5.0] AndroidManifest.xml:25:13-95
291            android:exported="false"
291-->[com.stripe:paymentsheet:22.5.0] AndroidManifest.xml:26:13-37
292            android:theme="@style/StripePaymentSheetDefaultTheme" />
292-->[com.stripe:paymentsheet:22.5.0] AndroidManifest.xml:27:13-66
293        <activity
293-->[com.stripe:paymentsheet:22.5.0] AndroidManifest.xml:28:9-31:69
294            android:name="com.stripe.android.paymentsheet.paymentdatacollection.bacs.BacsMandateConfirmationActivity"
294-->[com.stripe:paymentsheet:22.5.0] AndroidManifest.xml:29:13-118
295            android:exported="false"
295-->[com.stripe:paymentsheet:22.5.0] AndroidManifest.xml:30:13-37
296            android:theme="@style/StripePaymentSheetDefaultTheme" />
296-->[com.stripe:paymentsheet:22.5.0] AndroidManifest.xml:31:13-66
297        <activity
297-->[com.stripe:paymentsheet:22.5.0] AndroidManifest.xml:32:9-35:69
298            android:name="com.stripe.android.paymentsheet.paymentdatacollection.polling.PollingActivity"
298-->[com.stripe:paymentsheet:22.5.0] AndroidManifest.xml:33:13-105
299            android:exported="false"
299-->[com.stripe:paymentsheet:22.5.0] AndroidManifest.xml:34:13-37
300            android:theme="@style/StripePaymentSheetDefaultTheme" />
300-->[com.stripe:paymentsheet:22.5.0] AndroidManifest.xml:35:13-66
301        <activity
301-->[com.stripe:paymentsheet:22.5.0] AndroidManifest.xml:36:9-39:69